# JRE version: OpenJDK Runtime Environment (17.0.10) (build 17.0.10+0--11572160)
# Java VM: OpenJDK 64-Bit Server VM (17.0.10+0--11572160, mixed mode, tiered, compressed oops, compressed class ptrs, g1 gc, windows-amd64)
GC Precious Log:
 CPUs: 8 total, 8 available
 Memory: 7942M
 Large Page Support: Disabled
 NUMA Support: Disabled
 Compressed Oops: Enabled (32-bit)
 Heap Region Size: 1M
 Heap Min Capacity: 8M
 Heap Initial Capacity: 126M
 Heap Max Capacity: 1986M
 Pre-touch: Disabled
 Parallel Workers: 8
 Concurrent Workers: 2
 Concurrent Refinement Workers: 8
 Periodic GC: Disabled
Heap:
 garbage-first heap   total 242688K, used 171541K [0x0000000083e00000, 0x0000000100000000)
  region size 1024K, 101 young (103424K), 1 survivors (1024K)
 Metaspace       used 66262K, committed 66560K, reserved 1114112K
  class space    used 7388K, committed 7552K, reserved 1048576K
GC Heap History (20 events):
Event: 12.706 GC heap before
{Heap before GC invocations=14 (full 0):
 garbage-first heap   total 86016K, used 66622K [0x0000000083e00000, 0x0000000100000000)
  region size 1024K, 31 young (31744K), 1 survivors (1024K)
 Metaspace       used 53044K, committed 53312K, reserved 1114112K
  class space    used 6317K, committed 6464K, reserved 1048576K
}
Event: 12.737 GC heap after
{Heap after GC invocations=15 (full 0):
 garbage-first heap   total 86016K, used 40764K [0x0000000083e00000, 0x0000000100000000)
  region size 1024K, 4 young (4096K), 4 survivors (4096K)
 Metaspace       used 53044K, committed 53312K, reserved 1114112K
  class space    used 6317K, committed 6464K, reserved 1048576K
}
Event: 13.730 GC heap before
{Heap before GC invocations=15 (full 0):
 garbage-first heap   total 86016K, used 65340K [0x0000000083e00000, 0x0000000100000000)
  region size 1024K, 28 young (28672K), 4 survivors (4096K)
 Metaspace       used 54518K, committed 54848K, reserved 1114112K
  class space    used 6456K, committed 6592K, reserved 1048576K
}
Event: 13.769 GC heap after
{Heap after GC invocations=16 (full 0):
 garbage-first heap   total 86016K, used 44032K [0x0000000083e00000, 0x0000000100000000)
  region size 1024K, 3 young (3072K), 3 survivors (3072K)
 Metaspace       used 54518K, committed 54848K, reserved 1114112K
  class space    used 6456K, committed 6592K, reserved 1048576K
}
Event: 15.786 GC heap before
{Heap before GC invocations=16 (full 0):
 garbage-first heap   total 86016K, used 66560K [0x0000000083e00000, 0x0000000100000000)
  region size 1024K, 25 young (25600K), 3 survivors (3072K)
 Metaspace       used 58204K, committed 58560K, reserved 1114112K
  class space    used 6832K, committed 6976K, reserved 1048576K
}
Event: 15.831 GC heap after
{Heap after GC invocations=17 (full 0):
 garbage-first heap   total 86016K, used 47690K [0x0000000083e00000, 0x0000000100000000)
  region size 1024K, 4 young (4096K), 4 survivors (4096K)
 Metaspace       used 58204K, committed 58560K, reserved 1114112K
  class space    used 6832K, committed 6976K, reserved 1048576K
}
Event: 16.834 GC heap before
{Heap before GC invocations=18 (full 0):
 garbage-first heap   total 86016K, used 68170K [0x0000000083e00000, 0x0000000100000000)
  region size 1024K, 24 young (24576K), 4 survivors (4096K)
 Metaspace       used 58497K, committed 58816K, reserved 1114112K
  class space    used 6846K, committed 6976K, reserved 1048576K
}
Event: 16.884 GC heap after
{Heap after GC invocations=19 (full 0):
 garbage-first heap   total 86016K, used 51059K [0x0000000083e00000, 0x0000000100000000)
  region size 1024K, 3 young (3072K), 3 survivors (3072K)
 Metaspace       used 58497K, committed 58816K, reserved 1114112K
  class space    used 6846K, committed 6976K, reserved 1048576K
}
Event: 16.973 GC heap before
{Heap before GC invocations=19 (full 0):
 garbage-first heap   total 86016K, used 52083K [0x0000000083e00000, 0x0000000100000000)
  region size 1024K, 4 young (4096K), 3 survivors (3072K)
 Metaspace       used 58632K, committed 59008K, reserved 1114112K
  class space    used 6861K, committed 7040K, reserved 1048576K
}
Event: 17.009 GC heap after
{Heap after GC invocations=20 (full 0):
 garbage-first heap   total 122880K, used 51532K [0x0000000083e00000, 0x0000000100000000)
  region size 1024K, 1 young (1024K), 1 survivors (1024K)
 Metaspace       used 58632K, committed 59008K, reserved 1114112K
  class space    used 6861K, committed 7040K, reserved 1048576K
}
Event: 19.651 GC heap before
{Heap before GC invocations=20 (full 0):
 garbage-first heap   total 122880K, used 93516K [0x0000000083e00000, 0x0000000100000000)
  region size 1024K, 42 young (43008K), 1 survivors (1024K)
 Metaspace       used 61674K, committed 61952K, reserved 1114112K
  class space    used 7188K, committed 7296K, reserved 1048576K
}
Event: 19.687 GC heap after
{Heap after GC invocations=21 (full 0):
 garbage-first heap   total 122880K, used 56647K [0x0000000083e00000, 0x0000000100000000)
  region size 1024K, 6 young (6144K), 6 survivors (6144K)
 Metaspace       used 61674K, committed 61952K, reserved 1114112K
  class space    used 7188K, committed 7296K, reserved 1048576K
}
Event: 23.172 GC heap before
{Heap before GC invocations=21 (full 0):
 garbage-first heap   total 122880K, used 93511K [0x0000000083e00000, 0x0000000100000000)
  region size 1024K, 42 young (43008K), 6 survivors (6144K)
 Metaspace       used 63978K, committed 64256K, reserved 1114112K
  class space    used 7306K, committed 7424K, reserved 1048576K
}
Event: 23.228 GC heap after
{Heap after GC invocations=22 (full 0):
 garbage-first heap   total 122880K, used 61633K [0x0000000083e00000, 0x0000000100000000)
  region size 1024K, 5 young (5120K), 5 survivors (5120K)
 Metaspace       used 63978K, committed 64256K, reserved 1114112K
  class space    used 7306K, committed 7424K, reserved 1048576K
}
Event: 24.598 GC heap before
{Heap before GC invocations=22 (full 0):
 garbage-first heap   total 122880K, used 91329K [0x0000000083e00000, 0x0000000100000000)
  region size 1024K, 35 young (35840K), 5 survivors (5120K)
 Metaspace       used 64581K, committed 64896K, reserved 1114112K
  class space    used 7339K, committed 7488K, reserved 1048576K
}
Event: 24.647 GC heap after
{Heap after GC invocations=23 (full 0):
 garbage-first heap   total 122880K, used 65382K [0x0000000083e00000, 0x0000000100000000)
  region size 1024K, 4 young (4096K), 4 survivors (4096K)
 Metaspace       used 64581K, committed 64896K, reserved 1114112K
  class space    used 7339K, committed 7488K, reserved 1048576K
}
Event: 27.803 GC heap before
{Heap before GC invocations=24 (full 0):
 garbage-first heap   total 122880K, used 99174K [0x0000000083e00000, 0x0000000100000000)
  region size 1024K, 35 young (35840K), 4 survivors (4096K)
 Metaspace       used 65098K, committed 65408K, reserved 1114112K
  class space    used 7340K, committed 7488K, reserved 1048576K
}
Event: 27.854 GC heap after
{Heap after GC invocations=25 (full 0):
 garbage-first heap   total 122880K, used 70199K [0x0000000083e00000, 0x0000000100000000)
  region size 1024K, 3 young (3072K), 3 survivors (3072K)
 Metaspace       used 65098K, committed 65408K, reserved 1114112K
  class space    used 7340K, committed 7488K, reserved 1048576K
}
Event: 28.087 GC heap before
{Heap before GC invocations=25 (full 0):
 garbage-first heap   total 122880K, used 73271K [0x0000000083e00000, 0x0000000100000000)
  region size 1024K, 6 young (6144K), 3 survivors (3072K)
 Metaspace       used 65122K, committed 65472K, reserved 1114112K
  class space    used 7340K, committed 7488K, reserved 1048576K
}
Event: 28.186 GC heap after
{Heap after GC invocations=26 (full 0):
 garbage-first heap   total 242688K, used 70165K [0x0000000083e00000, 0x0000000100000000)
  region size 1024K, 1 young (1024K), 1 survivors (1024K)
 Metaspace       used 65122K, committed 65472K, reserved 1114112K
  class space    used 7340K, committed 7488K, reserved 1048576K
}

